<?xml version="1.0" encoding="UTF-8" ?>
<testsuite tests="7" failures="0" name="com.bm.intercomscreening.ArrayFlattenerTest" time="0.007" errors="0" skipped="0">
  <properties>
    <property name="java.runtime.name" value="Java(TM) SE Runtime Environment"/>
    <property name="sun.boot.library.path" value="/Library/Java/JavaVirtualMachines/jdk1.8.0_65.jdk/Contents/Home/jre/lib"/>
    <property name="java.vm.version" value="25.65-b01"/>
    <property name="user.country.format" value="IE"/>
    <property name="gopherProxySet" value="false"/>
    <property name="java.vm.vendor" value="Oracle Corporation"/>
    <property name="java.vendor.url" value="http://java.oracle.com/"/>
    <property name="path.separator" value=":"/>
    <property name="java.vm.name" value="Java HotSpot(TM) 64-Bit Server VM"/>
    <property name="file.encoding.pkg" value="sun.io"/>
    <property name="user.country" value="US"/>
    <property name="sun.java.launcher" value="SUN_STANDARD"/>
    <property name="sun.os.patch.level" value="unknown"/>
    <property name="java.vm.specification.name" value="Java Virtual Machine Specification"/>
    <property name="user.dir" value="/Users/bmss/Documents/workspace-sts-3.8.3.RELEASE/IntercomScreening"/>
    <property name="java.runtime.version" value="1.8.0_65-b17"/>
    <property name="java.awt.graphicsenv" value="sun.awt.CGraphicsEnvironment"/>
    <property name="basedir" value="/Users/bmss/Documents/workspace-sts-3.8.3.RELEASE/IntercomScreening"/>
    <property name="java.endorsed.dirs" value="/Library/Java/JavaVirtualMachines/jdk1.8.0_65.jdk/Contents/Home/jre/lib/endorsed"/>
    <property name="os.arch" value="x86_64"/>
    <property name="surefire.real.class.path" value="/var/folders/gd/1bbfhg6138d6p0vzfwhxsfyc0000gn/T/surefirebooter1025158474005223677.jar"/>
    <property name="java.io.tmpdir" value="/var/folders/gd/1bbfhg6138d6p0vzfwhxsfyc0000gn/T/"/>
    <property name="line.separator" value="
"/>
    <property name="java.vm.specification.vendor" value="Oracle Corporation"/>
    <property name="os.name" value="Mac OS X"/>
    <property name="sun.jnu.encoding" value="UTF-8"/>
    <property name="java.library.path" value="/Users/bmss/Library/Java/Extensions:/Library/Java/Extensions:/Network/Library/Java/Extensions:/System/Library/Java/Extensions:/usr/lib/java:."/>
    <property name="surefire.test.class.path" value="/Users/bmss/Documents/workspace-sts-3.8.3.RELEASE/IntercomScreening/target/test-classes:/Users/bmss/Documents/workspace-sts-3.8.3.RELEASE/IntercomScreening/target/classes:/Users/bmss/.m2/repository/junit/junit/4.11/junit-4.11.jar:/Users/bmss/.m2/repository/org/hamcrest/hamcrest-core/1.3/hamcrest-core-1.3.jar:/Users/bmss/.m2/repository/org/springframework/spring-core/4.3.8.RELEASE/spring-core-4.3.8.RELEASE.jar:/Users/bmss/.m2/repository/commons-logging/commons-logging/1.2/commons-logging-1.2.jar:/Users/bmss/.m2/repository/org/springframework/spring-context/4.3.8.RELEASE/spring-context-4.3.8.RELEASE.jar:/Users/bmss/.m2/repository/org/springframework/spring-aop/4.3.8.RELEASE/spring-aop-4.3.8.RELEASE.jar:/Users/bmss/.m2/repository/org/springframework/spring-beans/4.3.8.RELEASE/spring-beans-4.3.8.RELEASE.jar:/Users/bmss/.m2/repository/org/springframework/spring-expression/4.3.8.RELEASE/spring-expression-4.3.8.RELEASE.jar:/Users/bmss/.m2/repository/com/fasterxml/jackson/core/jackson-databind/2.8.8.1/jackson-databind-2.8.8.1.jar:/Users/bmss/.m2/repository/com/fasterxml/jackson/core/jackson-annotations/2.8.0/jackson-annotations-2.8.0.jar:/Users/bmss/.m2/repository/com/fasterxml/jackson/core/jackson-core/2.8.8/jackson-core-2.8.8.jar:/Users/bmss/.m2/repository/org/mockito/mockito-core/2.7.22/mockito-core-2.7.22.jar:/Users/bmss/.m2/repository/net/bytebuddy/byte-buddy/1.6.11/byte-buddy-1.6.11.jar:/Users/bmss/.m2/repository/net/bytebuddy/byte-buddy-agent/1.6.11/byte-buddy-agent-1.6.11.jar:/Users/bmss/.m2/repository/org/objenesis/objenesis/2.5/objenesis-2.5.jar:"/>
    <property name="java.specification.name" value="Java Platform API Specification"/>
    <property name="java.class.version" value="52.0"/>
    <property name="sun.management.compiler" value="HotSpot 64-Bit Tiered Compilers"/>
    <property name="os.version" value="10.10.5"/>
    <property name="http.nonProxyHosts" value="local|*.local|169.254/16|*.169.254/16"/>
    <property name="user.home" value="/Users/bmss"/>
    <property name="user.timezone" value=""/>
    <property name="java.awt.printerjob" value="sun.lwawt.macosx.CPrinterJob"/>
    <property name="java.specification.version" value="1.8"/>
    <property name="file.encoding" value="UTF-8"/>
    <property name="user.name" value="bmss"/>
    <property name="java.class.path" value="/Users/bmss/Documents/workspace-sts-3.8.3.RELEASE/IntercomScreening/target/test-classes:/Users/bmss/Documents/workspace-sts-3.8.3.RELEASE/IntercomScreening/target/classes:/Users/bmss/.m2/repository/junit/junit/4.11/junit-4.11.jar:/Users/bmss/.m2/repository/org/hamcrest/hamcrest-core/1.3/hamcrest-core-1.3.jar:/Users/bmss/.m2/repository/org/springframework/spring-core/4.3.8.RELEASE/spring-core-4.3.8.RELEASE.jar:/Users/bmss/.m2/repository/commons-logging/commons-logging/1.2/commons-logging-1.2.jar:/Users/bmss/.m2/repository/org/springframework/spring-context/4.3.8.RELEASE/spring-context-4.3.8.RELEASE.jar:/Users/bmss/.m2/repository/org/springframework/spring-aop/4.3.8.RELEASE/spring-aop-4.3.8.RELEASE.jar:/Users/bmss/.m2/repository/org/springframework/spring-beans/4.3.8.RELEASE/spring-beans-4.3.8.RELEASE.jar:/Users/bmss/.m2/repository/org/springframework/spring-expression/4.3.8.RELEASE/spring-expression-4.3.8.RELEASE.jar:/Users/bmss/.m2/repository/com/fasterxml/jackson/core/jackson-databind/2.8.8.1/jackson-databind-2.8.8.1.jar:/Users/bmss/.m2/repository/com/fasterxml/jackson/core/jackson-annotations/2.8.0/jackson-annotations-2.8.0.jar:/Users/bmss/.m2/repository/com/fasterxml/jackson/core/jackson-core/2.8.8/jackson-core-2.8.8.jar:/Users/bmss/.m2/repository/org/mockito/mockito-core/2.7.22/mockito-core-2.7.22.jar:/Users/bmss/.m2/repository/net/bytebuddy/byte-buddy/1.6.11/byte-buddy-1.6.11.jar:/Users/bmss/.m2/repository/net/bytebuddy/byte-buddy-agent/1.6.11/byte-buddy-agent-1.6.11.jar:/Users/bmss/.m2/repository/org/objenesis/objenesis/2.5/objenesis-2.5.jar:"/>
    <property name="java.vm.specification.version" value="1.8"/>
    <property name="sun.arch.data.model" value="64"/>
    <property name="java.home" value="/Library/Java/JavaVirtualMachines/jdk1.8.0_65.jdk/Contents/Home/jre"/>
    <property name="sun.java.command" value="/var/folders/gd/1bbfhg6138d6p0vzfwhxsfyc0000gn/T/surefirebooter1025158474005223677.jar /var/folders/gd/1bbfhg6138d6p0vzfwhxsfyc0000gn/T/surefire3494219417990711130tmp /var/folders/gd/1bbfhg6138d6p0vzfwhxsfyc0000gn/T/surefire6391101958311352776tmp"/>
    <property name="java.specification.vendor" value="Oracle Corporation"/>
    <property name="user.language" value="en"/>
    <property name="awt.toolkit" value="sun.lwawt.macosx.LWCToolkit"/>
    <property name="java.vm.info" value="mixed mode"/>
    <property name="java.version" value="1.8.0_65"/>
    <property name="java.ext.dirs" value="/Users/bmss/Library/Java/Extensions:/Library/Java/JavaVirtualMachines/jdk1.8.0_65.jdk/Contents/Home/jre/lib/ext:/Library/Java/Extensions:/Network/Library/Java/Extensions:/System/Library/Java/Extensions:/usr/lib/java"/>
    <property name="sun.boot.class.path" value="/Library/Java/JavaVirtualMachines/jdk1.8.0_65.jdk/Contents/Home/jre/lib/resources.jar:/Library/Java/JavaVirtualMachines/jdk1.8.0_65.jdk/Contents/Home/jre/lib/rt.jar:/Library/Java/JavaVirtualMachines/jdk1.8.0_65.jdk/Contents/Home/jre/lib/sunrsasign.jar:/Library/Java/JavaVirtualMachines/jdk1.8.0_65.jdk/Contents/Home/jre/lib/jsse.jar:/Library/Java/JavaVirtualMachines/jdk1.8.0_65.jdk/Contents/Home/jre/lib/jce.jar:/Library/Java/JavaVirtualMachines/jdk1.8.0_65.jdk/Contents/Home/jre/lib/charsets.jar:/Library/Java/JavaVirtualMachines/jdk1.8.0_65.jdk/Contents/Home/jre/lib/jfr.jar:/Library/Java/JavaVirtualMachines/jdk1.8.0_65.jdk/Contents/Home/jre/classes"/>
    <property name="java.vendor" value="Oracle Corporation"/>
    <property name="localRepository" value="/Users/bmss/.m2/repository"/>
    <property name="file.separator" value="/"/>
    <property name="java.vendor.url.bug" value="http://bugreport.sun.com/bugreport/"/>
    <property name="sun.cpu.endian" value="little"/>
    <property name="sun.io.unicode.encoding" value="UnicodeBig"/>
    <property name="socksNonProxyHosts" value="local|*.local|169.254/16|*.169.254/16"/>
    <property name="ftp.nonProxyHosts" value="local|*.local|169.254/16|*.169.254/16"/>
    <property name="sun.cpu.isalist" value=""/>
  </properties>
  <testcase classname="com.bm.intercomscreening.ArrayFlattenerTest" name="testNullForFirstArgs" time="0.001"/>
  <testcase classname="com.bm.intercomscreening.ArrayFlattenerTest" name="testThreeLevelNestedArray" time="0.001"/>
  <testcase classname="com.bm.intercomscreening.ArrayFlattenerTest" name="testNullForBothArgs" time="0"/>
  <testcase classname="com.bm.intercomscreening.ArrayFlattenerTest" name="testOneLevelNestedArray" time="0"/>
  <testcase classname="com.bm.intercomscreening.ArrayFlattenerTest" name="testNullForLastArgs" time="0"/>
  <testcase classname="com.bm.intercomscreening.ArrayFlattenerTest" name="testIllegalArgumentExceptionThrownIfNotSupportedType" time="0"/>
  <testcase classname="com.bm.intercomscreening.ArrayFlattenerTest" name="testNonNestedArray" time="0"/>
</testsuite>